2025-01-04T14:55:00.782+09:00  INFO 36772 --- [main] umc.mission.MissionApplication           : Starting MissionApplication using Java 21.0.5 with PID 36772 (/Users/limkyungpyo/Desktop/study/UMC_mission/mission/build/classes/java/main started by limkyungpyo in /Users/limkyungpyo/Desktop/study/UMC_mission)
2025-01-04T14:55:00.783+09:00  INFO 36772 --- [main] umc.mission.MissionApplication           : No active profile set, falling back to 1 default profile: "default"
2025-01-04T14:55:01.272+09:00  INFO 36772 --- [main] .s.d.r.c.RepositoryConfigurationDelegate : Bootstrapping Spring Data JPA repositories in DEFAULT mode.
2025-01-04T14:55:01.310+09:00  INFO 36772 --- [main] .s.d.r.c.RepositoryConfigurationDelegate : Finished Spring Data repository scanning in 35 ms. Found 7 JPA repository interfaces.
2025-01-04T14:55:01.599+09:00  WARN 36772 --- [main] ConfigServletWebServerApplicationContext : Exception encountered during context initialization - cancelling refresh attempt: org.springframework.context.ApplicationContextException: Unable to start web server
2025-01-04T14:55:01.604+09:00  INFO 36772 --- [main] .s.b.a.l.ConditionEvaluationReportLogger : 

Error starting ApplicationContext. To display the condition evaluation report re-run your application with 'debug' enabled.
2025-01-04T14:55:01.611+09:00 ERROR 36772 --- [main] o.s.boot.SpringApplication               : Application run failed

org.springframework.context.ApplicationContextException: Unable to start web server
	at org.springframework.boot.web.servlet.context.ServletWebServerApplicationContext.onRefresh(ServletWebServerApplicationContext.java:165) ~[spring-boot-3.3.5.jar:3.3.5]
	at org.springframework.context.support.AbstractApplicationContext.refresh(AbstractApplicationContext.java:619) ~[spring-context-6.1.14.jar:6.1.14]
	at org.springframework.boot.web.servlet.context.ServletWebServerApplicationContext.refresh(ServletWebServerApplicationContext.java:146) ~[spring-boot-3.3.5.jar:3.3.5]
	at org.springframework.boot.SpringApplication.refresh(SpringApplication.java:754) ~[spring-boot-3.3.5.jar:3.3.5]
	at org.springframework.boot.SpringApplication.refreshContext(SpringApplication.java:456) ~[spring-boot-3.3.5.jar:3.3.5]
	at org.springframework.boot.SpringApplication.run(SpringApplication.java:335) ~[spring-boot-3.3.5.jar:3.3.5]
	at org.springframework.boot.SpringApplication.run(SpringApplication.java:1363) ~[spring-boot-3.3.5.jar:3.3.5]
	at org.springframework.boot.SpringApplication.run(SpringApplication.java:1352) ~[spring-boot-3.3.5.jar:3.3.5]
	at umc.mission.MissionApplication.main(MissionApplication.java:17) ~[main/:na]
Caused by: java.lang.IllegalStateException: Unable to create key store: Could not load store from 'classpath:keystore.p12'
	at org.springframework.boot.ssl.jks.JksSslStoreBundle.createKeyStore(JksSslStoreBundle.java:112) ~[spring-boot-3.3.5.jar:3.3.5]
	at org.springframework.boot.ssl.jks.JksSslStoreBundle.lambda$new$0(JksSslStoreBundle.java:75) ~[spring-boot-3.3.5.jar:3.3.5]
	at org.springframework.util.function.SingletonSupplier.get(SingletonSupplier.java:106) ~[spring-core-6.1.14.jar:6.1.14]
	at org.springframework.boot.ssl.jks.JksSslStoreBundle.getKeyStore(JksSslStoreBundle.java:81) ~[spring-boot-3.3.5.jar:3.3.5]
	at org.springframework.boot.web.server.WebServerSslBundle.createKeyStore(WebServerSslBundle.java:157) ~[spring-boot-3.3.5.jar:3.3.5]
	at org.springframework.boot.web.server.WebServerSslBundle.createStoreBundle(WebServerSslBundle.java:147) ~[spring-boot-3.3.5.jar:3.3.5]
	at org.springframework.boot.web.server.WebServerSslBundle.get(WebServerSslBundle.java:142) ~[spring-boot-3.3.5.jar:3.3.5]
	at org.springframework.boot.web.server.AbstractConfigurableWebServerFactory.getSslBundle(AbstractConfigurableWebServerFactory.java:198) ~[spring-boot-3.3.5.jar:3.3.5]
	at org.springframework.boot.web.embedded.tomcat.TomcatServletWebServerFactory.customizeSsl(TomcatServletWebServerFactory.java:383) ~[spring-boot-3.3.5.jar:3.3.5]
	at org.springframework.boot.web.embedded.tomcat.TomcatServletWebServerFactory.customizeConnector(TomcatServletWebServerFactory.java:359) ~[spring-boot-3.3.5.jar:3.3.5]
	at org.springframework.boot.web.embedded.tomcat.TomcatServletWebServerFactory.getWebServer(TomcatServletWebServerFactory.java:212) ~[spring-boot-3.3.5.jar:3.3.5]
	at org.springframework.boot.web.servlet.context.ServletWebServerApplicationContext.createWebServer(ServletWebServerApplicationContext.java:188) ~[spring-boot-3.3.5.jar:3.3.5]
	at org.springframework.boot.web.servlet.context.ServletWebServerApplicationContext.onRefresh(ServletWebServerApplicationContext.java:162) ~[spring-boot-3.3.5.jar:3.3.5]
	... 8 common frames omitted
Caused by: java.lang.IllegalStateException: Could not load store from 'classpath:keystore.p12'
	at org.springframework.boot.ssl.jks.JksSslStoreBundle.loadKeyStore(JksSslStoreBundle.java:140) ~[spring-boot-3.3.5.jar:3.3.5]
	at org.springframework.boot.ssl.jks.JksSslStoreBundle.createKeyStore(JksSslStoreBundle.java:107) ~[spring-boot-3.3.5.jar:3.3.5]
	... 20 common frames omitted
Caused by: java.io.FileNotFoundException: class path resource [keystore.p12] cannot be opened because it does not exist
	at org.springframework.core.io.ClassPathResource.getInputStream(ClassPathResource.java:215) ~[spring-core-6.1.14.jar:6.1.14]
	at org.springframework.boot.ssl.jks.JksSslStoreBundle.loadKeyStore(JksSslStoreBundle.java:135) ~[spring-boot-3.3.5.jar:3.3.5]
	... 21 common frames omitted

2025-01-04T14:57:58.104+09:00  INFO 38403 --- [main] umc.mission.MissionApplication           : Starting MissionApplication using Java 21.0.5 with PID 38403 (/Users/limkyungpyo/Desktop/study/UMC_mission/mission/build/classes/java/main started by limkyungpyo in /Users/limkyungpyo/Desktop/study/UMC_mission)
2025-01-04T14:57:58.105+09:00  INFO 38403 --- [main] umc.mission.MissionApplication           : No active profile set, falling back to 1 default profile: "default"
2025-01-04T14:57:58.502+09:00  INFO 38403 --- [main] .s.d.r.c.RepositoryConfigurationDelegate : Bootstrapping Spring Data JPA repositories in DEFAULT mode.
2025-01-04T14:57:58.538+09:00  INFO 38403 --- [main] .s.d.r.c.RepositoryConfigurationDelegate : Finished Spring Data repository scanning in 32 ms. Found 7 JPA repository interfaces.
2025-01-04T14:57:58.820+09:00  WARN 38403 --- [main] ConfigServletWebServerApplicationContext : Exception encountered during context initialization - cancelling refresh attempt: org.springframework.context.ApplicationContextException: Unable to start web server
2025-01-04T14:57:58.825+09:00  INFO 38403 --- [main] .s.b.a.l.ConditionEvaluationReportLogger : 

Error starting ApplicationContext. To display the condition evaluation report re-run your application with 'debug' enabled.
2025-01-04T14:57:58.833+09:00 ERROR 38403 --- [main] o.s.boot.SpringApplication               : Application run failed

org.springframework.context.ApplicationContextException: Unable to start web server
	at org.springframework.boot.web.servlet.context.ServletWebServerApplicationContext.onRefresh(ServletWebServerApplicationContext.java:165) ~[spring-boot-3.3.5.jar:3.3.5]
	at org.springframework.context.support.AbstractApplicationContext.refresh(AbstractApplicationContext.java:619) ~[spring-context-6.1.14.jar:6.1.14]
	at org.springframework.boot.web.servlet.context.ServletWebServerApplicationContext.refresh(ServletWebServerApplicationContext.java:146) ~[spring-boot-3.3.5.jar:3.3.5]
	at org.springframework.boot.SpringApplication.refresh(SpringApplication.java:754) ~[spring-boot-3.3.5.jar:3.3.5]
	at org.springframework.boot.SpringApplication.refreshContext(SpringApplication.java:456) ~[spring-boot-3.3.5.jar:3.3.5]
	at org.springframework.boot.SpringApplication.run(SpringApplication.java:335) ~[spring-boot-3.3.5.jar:3.3.5]
	at org.springframework.boot.SpringApplication.run(SpringApplication.java:1363) ~[spring-boot-3.3.5.jar:3.3.5]
	at org.springframework.boot.SpringApplication.run(SpringApplication.java:1352) ~[spring-boot-3.3.5.jar:3.3.5]
	at umc.mission.MissionApplication.main(MissionApplication.java:17) ~[main/:na]
Caused by: java.lang.IllegalStateException: Unable to create key store: Could not load store from 'classpath:keystore.p12'
	at org.springframework.boot.ssl.jks.JksSslStoreBundle.createKeyStore(JksSslStoreBundle.java:112) ~[spring-boot-3.3.5.jar:3.3.5]
	at org.springframework.boot.ssl.jks.JksSslStoreBundle.lambda$new$0(JksSslStoreBundle.java:75) ~[spring-boot-3.3.5.jar:3.3.5]
	at org.springframework.util.function.SingletonSupplier.get(SingletonSupplier.java:106) ~[spring-core-6.1.14.jar:6.1.14]
	at org.springframework.boot.ssl.jks.JksSslStoreBundle.getKeyStore(JksSslStoreBundle.java:81) ~[spring-boot-3.3.5.jar:3.3.5]
	at org.springframework.boot.web.server.WebServerSslBundle.createKeyStore(WebServerSslBundle.java:157) ~[spring-boot-3.3.5.jar:3.3.5]
	at org.springframework.boot.web.server.WebServerSslBundle.createStoreBundle(WebServerSslBundle.java:147) ~[spring-boot-3.3.5.jar:3.3.5]
	at org.springframework.boot.web.server.WebServerSslBundle.get(WebServerSslBundle.java:142) ~[spring-boot-3.3.5.jar:3.3.5]
	at org.springframework.boot.web.server.AbstractConfigurableWebServerFactory.getSslBundle(AbstractConfigurableWebServerFactory.java:198) ~[spring-boot-3.3.5.jar:3.3.5]
	at org.springframework.boot.web.embedded.tomcat.TomcatServletWebServerFactory.customizeSsl(TomcatServletWebServerFactory.java:383) ~[spring-boot-3.3.5.jar:3.3.5]
	at org.springframework.boot.web.embedded.tomcat.TomcatServletWebServerFactory.customizeConnector(TomcatServletWebServerFactory.java:359) ~[spring-boot-3.3.5.jar:3.3.5]
	at org.springframework.boot.web.embedded.tomcat.TomcatServletWebServerFactory.getWebServer(TomcatServletWebServerFactory.java:212) ~[spring-boot-3.3.5.jar:3.3.5]
	at org.springframework.boot.web.servlet.context.ServletWebServerApplicationContext.createWebServer(ServletWebServerApplicationContext.java:188) ~[spring-boot-3.3.5.jar:3.3.5]
	at org.springframework.boot.web.servlet.context.ServletWebServerApplicationContext.onRefresh(ServletWebServerApplicationContext.java:162) ~[spring-boot-3.3.5.jar:3.3.5]
	... 8 common frames omitted
Caused by: java.lang.IllegalStateException: Could not load store from 'classpath:keystore.p12'
	at org.springframework.boot.ssl.jks.JksSslStoreBundle.loadKeyStore(JksSslStoreBundle.java:140) ~[spring-boot-3.3.5.jar:3.3.5]
	at org.springframework.boot.ssl.jks.JksSslStoreBundle.createKeyStore(JksSslStoreBundle.java:107) ~[spring-boot-3.3.5.jar:3.3.5]
	... 20 common frames omitted
Caused by: java.io.FileNotFoundException: class path resource [keystore.p12] cannot be opened because it does not exist
	at org.springframework.core.io.ClassPathResource.getInputStream(ClassPathResource.java:215) ~[spring-core-6.1.14.jar:6.1.14]
	at org.springframework.boot.ssl.jks.JksSslStoreBundle.loadKeyStore(JksSslStoreBundle.java:135) ~[spring-boot-3.3.5.jar:3.3.5]
	... 21 common frames omitted

2025-01-04T14:59:00.590+09:00  INFO 38947 --- [main] umc.mission.MissionApplication           : Starting MissionApplication using Java 21.0.5 with PID 38947 (/Users/limkyungpyo/Desktop/study/UMC_mission/mission/build/classes/java/main started by limkyungpyo in /Users/limkyungpyo/Desktop/study/UMC_mission)
2025-01-04T14:59:00.591+09:00  INFO 38947 --- [main] umc.mission.MissionApplication           : No active profile set, falling back to 1 default profile: "default"
2025-01-04T14:59:01.003+09:00  INFO 38947 --- [main] .s.d.r.c.RepositoryConfigurationDelegate : Bootstrapping Spring Data JPA repositories in DEFAULT mode.
2025-01-04T14:59:01.037+09:00  INFO 38947 --- [main] .s.d.r.c.RepositoryConfigurationDelegate : Finished Spring Data repository scanning in 31 ms. Found 7 JPA repository interfaces.
2025-01-04T14:59:01.322+09:00  INFO 38947 --- [main] o.s.b.w.embedded.tomcat.TomcatWebServer  : Tomcat initialized with port 8080 (http)
2025-01-04T14:59:01.333+09:00  INFO 38947 --- [main] o.apache.catalina.core.StandardService   : Starting service [Tomcat]
2025-01-04T14:59:01.333+09:00  INFO 38947 --- [main] o.apache.catalina.core.StandardEngine    : Starting Servlet engine: [Apache Tomcat/10.1.31]
2025-01-04T14:59:01.358+09:00  INFO 38947 --- [main] o.a.c.c.C.[Tomcat].[localhost].[/]       : Initializing Spring embedded WebApplicationContext
2025-01-04T14:59:01.358+09:00  INFO 38947 --- [main] w.s.c.ServletWebServerApplicationContext : Root WebApplicationContext: initialization completed in 751 ms
2025-01-04T14:59:01.426+09:00  INFO 38947 --- [main] o.hibernate.jpa.internal.util.LogHelper  : HHH000204: Processing PersistenceUnitInfo [name: default]
2025-01-04T14:59:01.453+09:00  INFO 38947 --- [main] org.hibernate.Version                    : HHH000412: Hibernate ORM core version 6.5.3.Final
2025-01-04T14:59:01.467+09:00  INFO 38947 --- [main] o.h.c.internal.RegionFactoryInitiator    : HHH000026: Second-level cache disabled
2025-01-04T14:59:01.599+09:00  INFO 38947 --- [main] o.s.o.j.p.SpringPersistenceUnitInfo      : No LoadTimeWeaver setup: ignoring JPA class transformer
2025-01-04T14:59:01.614+09:00  INFO 38947 --- [main] com.zaxxer.hikari.HikariDataSource       : HikariPool-1 - Starting...
2025-01-04T14:59:01.876+09:00  INFO 38947 --- [main] com.zaxxer.hikari.pool.HikariPool        : HikariPool-1 - Added connection com.mysql.cj.jdbc.ConnectionImpl@2e4339c1
2025-01-04T14:59:01.877+09:00  INFO 38947 --- [main] com.zaxxer.hikari.HikariDataSource       : HikariPool-1 - Start completed.
2025-01-04T14:59:01.915+09:00  WARN 38947 --- [main] org.hibernate.orm.deprecation            : HHH90000025: MySQL8Dialect does not need to be specified explicitly using 'hibernate.dialect' (remove the property setting and it will be selected by default)
2025-01-04T14:59:01.916+09:00  WARN 38947 --- [main] org.hibernate.orm.deprecation            : HHH90000026: MySQL8Dialect has been deprecated; use org.hibernate.dialect.MySQLDialect instead
2025-01-04T14:59:02.391+09:00  INFO 38947 --- [main] o.h.e.t.j.p.i.JtaPlatformInitiator       : HHH000489: No JTA platform available (set 'hibernate.transaction.jta.platform' to enable JTA platform integration)
2025-01-04T14:59:02.521+09:00  INFO 38947 --- [main] j.LocalContainerEntityManagerFactoryBean : Initialized JPA EntityManagerFactory for persistence unit 'default'
2025-01-04T14:59:02.682+09:00  WARN 38947 --- [main] ConfigServletWebServerApplicationContext : Exception encountered during context initialization - cancelling refresh attempt: org.springframework.beans.factory.UnsatisfiedDependencyException: Error creating bean with name 'customOAuth2UserService' defined in file [/Users/limkyungpyo/Desktop/study/UMC_mission/mission/build/classes/java/main/umc/mission/config/security/CustomOAuth2UserService.class]: Unsatisfied dependency expressed through constructor parameter 1: Error creating bean with name 'securityConfig' defined in file [/Users/limkyungpyo/Desktop/study/UMC_mission/mission/build/classes/java/main/umc/mission/config/security/SecurityConfig.class]: Unsatisfied dependency expressed through constructor parameter 2: Error creating bean with name 'customOAuth2UserService': Requested bean is currently in creation: Is there an unresolvable circular reference?
2025-01-04T14:59:02.682+09:00  INFO 38947 --- [main] j.LocalContainerEntityManagerFactoryBean : Closing JPA EntityManagerFactory for persistence unit 'default'
2025-01-04T14:59:02.683+09:00  INFO 38947 --- [main] com.zaxxer.hikari.HikariDataSource       : HikariPool-1 - Shutdown initiated...
2025-01-04T14:59:02.690+09:00  INFO 38947 --- [main] com.zaxxer.hikari.HikariDataSource       : HikariPool-1 - Shutdown completed.
2025-01-04T14:59:02.690+09:00  INFO 38947 --- [main] o.apache.catalina.core.StandardService   : Stopping service [Tomcat]
2025-01-04T14:59:02.696+09:00  INFO 38947 --- [main] .s.b.a.l.ConditionEvaluationReportLogger : 

Error starting ApplicationContext. To display the condition evaluation report re-run your application with 'debug' enabled.
2025-01-04T14:59:02.705+09:00 ERROR 38947 --- [main] o.s.b.d.LoggingFailureAnalysisReporter   : 

***************************
APPLICATION FAILED TO START
***************************

Description:

The dependencies of some of the beans in the application context form a cycle:

┌─────┐
|  customOAuth2UserService defined in file [/Users/limkyungpyo/Desktop/study/UMC_mission/mission/build/classes/java/main/umc/mission/config/security/CustomOAuth2UserService.class]
↑     ↓
|  securityConfig defined in file [/Users/limkyungpyo/Desktop/study/UMC_mission/mission/build/classes/java/main/umc/mission/config/security/SecurityConfig.class]
└─────┘


Action:

Relying upon circular references is discouraged and they are prohibited by default. Update your application to remove the dependency cycle between beans. As a last resort, it may be possible to break the cycle automatically by setting spring.main.allow-circular-references to true.

2025-01-04T15:00:03.589+09:00  INFO 39497 --- [main] umc.mission.MissionApplication           : Starting MissionApplication using Java 21.0.5 with PID 39497 (/Users/limkyungpyo/Desktop/study/UMC_mission/mission/build/classes/java/main started by limkyungpyo in /Users/limkyungpyo/Desktop/study/UMC_mission)
2025-01-04T15:00:03.590+09:00  INFO 39497 --- [main] umc.mission.MissionApplication           : No active profile set, falling back to 1 default profile: "default"
2025-01-04T15:00:03.978+09:00  INFO 39497 --- [main] .s.d.r.c.RepositoryConfigurationDelegate : Bootstrapping Spring Data JPA repositories in DEFAULT mode.
2025-01-04T15:00:04.028+09:00  INFO 39497 --- [main] .s.d.r.c.RepositoryConfigurationDelegate : Finished Spring Data repository scanning in 46 ms. Found 7 JPA repository interfaces.
2025-01-04T15:00:04.319+09:00  INFO 39497 --- [main] o.s.b.w.embedded.tomcat.TomcatWebServer  : Tomcat initialized with port 8080 (http)
2025-01-04T15:00:04.330+09:00  INFO 39497 --- [main] o.apache.catalina.core.StandardService   : Starting service [Tomcat]
2025-01-04T15:00:04.331+09:00  INFO 39497 --- [main] o.apache.catalina.core.StandardEngine    : Starting Servlet engine: [Apache Tomcat/10.1.31]
2025-01-04T15:00:04.358+09:00  INFO 39497 --- [main] o.a.c.c.C.[Tomcat].[localhost].[/]       : Initializing Spring embedded WebApplicationContext
2025-01-04T15:00:04.358+09:00  INFO 39497 --- [main] w.s.c.ServletWebServerApplicationContext : Root WebApplicationContext: initialization completed in 751 ms
2025-01-04T15:00:04.432+09:00  INFO 39497 --- [main] o.hibernate.jpa.internal.util.LogHelper  : HHH000204: Processing PersistenceUnitInfo [name: default]
2025-01-04T15:00:04.461+09:00  INFO 39497 --- [main] org.hibernate.Version                    : HHH000412: Hibernate ORM core version 6.5.3.Final
2025-01-04T15:00:04.477+09:00  INFO 39497 --- [main] o.h.c.internal.RegionFactoryInitiator    : HHH000026: Second-level cache disabled
2025-01-04T15:00:04.616+09:00  INFO 39497 --- [main] o.s.o.j.p.SpringPersistenceUnitInfo      : No LoadTimeWeaver setup: ignoring JPA class transformer
2025-01-04T15:00:04.628+09:00  INFO 39497 --- [main] com.zaxxer.hikari.HikariDataSource       : HikariPool-1 - Starting...
2025-01-04T15:00:04.772+09:00  INFO 39497 --- [main] com.zaxxer.hikari.pool.HikariPool        : HikariPool-1 - Added connection com.mysql.cj.jdbc.ConnectionImpl@552088cc
2025-01-04T15:00:04.772+09:00  INFO 39497 --- [main] com.zaxxer.hikari.HikariDataSource       : HikariPool-1 - Start completed.
2025-01-04T15:00:04.793+09:00  WARN 39497 --- [main] org.hibernate.orm.deprecation            : HHH90000025: MySQL8Dialect does not need to be specified explicitly using 'hibernate.dialect' (remove the property setting and it will be selected by default)
2025-01-04T15:00:04.793+09:00  WARN 39497 --- [main] org.hibernate.orm.deprecation            : HHH90000026: MySQL8Dialect has been deprecated; use org.hibernate.dialect.MySQLDialect instead
2025-01-04T15:00:05.268+09:00  INFO 39497 --- [main] o.h.e.t.j.p.i.JtaPlatformInitiator       : HHH000489: No JTA platform available (set 'hibernate.transaction.jta.platform' to enable JTA platform integration)
2025-01-04T15:00:05.445+09:00  INFO 39497 --- [main] j.LocalContainerEntityManagerFactoryBean : Initialized JPA EntityManagerFactory for persistence unit 'default'
2025-01-04T15:00:05.775+09:00  WARN 39497 --- [main] JpaBaseConfiguration$JpaWebConfiguration : spring.jpa.open-in-view is enabled by default. Therefore, database queries may be performed during view rendering. Explicitly configure spring.jpa.open-in-view to disable this warning
2025-01-04T15:00:05.785+09:00  INFO 39497 --- [main] r$InitializeUserDetailsManagerConfigurer : Global AuthenticationManager configured with UserDetailsService bean with name customUserDetailsService
2025-01-04T15:00:06.056+09:00  INFO 39497 --- [main] o.s.b.w.embedded.tomcat.TomcatWebServer  : Tomcat started on port 8080 (http) with context path '/'
2025-01-04T15:00:06.061+09:00  INFO 39497 --- [main] umc.mission.MissionApplication           : Started MissionApplication in 2.652 seconds (process running for 2.905)
2025-01-04T15:00:14.880+09:00  INFO 39497 --- [http-nio-8080-exec-1] o.a.c.c.C.[Tomcat].[localhost].[/]       : Initializing Spring DispatcherServlet 'dispatcherServlet'
2025-01-04T15:00:14.881+09:00  INFO 39497 --- [http-nio-8080-exec-1] o.s.web.servlet.DispatcherServlet        : Initializing Servlet 'dispatcherServlet'
2025-01-04T15:00:14.882+09:00  INFO 39497 --- [http-nio-8080-exec-1] o.s.web.servlet.DispatcherServlet        : Completed initialization in 1 ms
2025-01-04T15:00:20.547+09:00  INFO 39497 --- [http-nio-8080-exec-4] u.m.c.security.SecurityLoggingAspect     : Login successful for user: 
2025-01-04T15:26:20.948+09:00  WARN 39497 --- [HikariPool-1 housekeeper] com.zaxxer.hikari.pool.HikariPool        : HikariPool-1 - Thread starvation or clock leap detected (housekeeper delta=15m43s374ms).
2025-01-04T15:41:52.876+09:00  WARN 39497 --- [HikariPool-1 housekeeper] com.zaxxer.hikari.pool.HikariPool        : HikariPool-1 - Thread starvation or clock leap detected (housekeeper delta=15m31s929ms).
2025-01-04T15:58:52.902+09:00  WARN 39497 --- [HikariPool-1 housekeeper] com.zaxxer.hikari.pool.HikariPool        : HikariPool-1 - Thread starvation or clock leap detected (housekeeper delta=16m30s21ms).
2025-01-04T16:15:36.558+09:00  WARN 39497 --- [HikariPool-1 housekeeper] com.zaxxer.hikari.pool.HikariPool        : HikariPool-1 - Thread starvation or clock leap detected (housekeeper delta=16m43s656ms).
2025-01-04T16:31:55.986+09:00  WARN 39497 --- [HikariPool-1 housekeeper] com.zaxxer.hikari.pool.HikariPool        : HikariPool-1 - Thread starvation or clock leap detected (housekeeper delta=15m49s419ms).
2025-01-04T16:32:23.931+09:00  WARN 39497 --- [HikariPool-1 housekeeper] com.zaxxer.hikari.pool.HikariPool        : HikariPool-1 - Retrograde clock change detected (housekeeper delta=27s943ms), soft-evicting connections from pool.
2025-01-04T16:48:54.579+09:00  WARN 39497 --- [HikariPool-1 housekeeper] com.zaxxer.hikari.pool.HikariPool        : HikariPool-1 - Thread starvation or clock leap detected (housekeeper delta=16m30s650ms).
2025-01-04T17:07:00.479+09:00  WARN 39497 --- [HikariPool-1 housekeeper] com.zaxxer.hikari.pool.HikariPool        : HikariPool-1 - Thread starvation or clock leap detected (housekeeper delta=17m35s889ms).
2025-01-04T17:45:14.812+09:00  INFO 39497 --- [SpringApplicationShutdownHook] j.LocalContainerEntityManagerFactoryBean : Closing JPA EntityManagerFactory for persistence unit 'default'
2025-01-04T17:45:14.817+09:00  INFO 39497 --- [SpringApplicationShutdownHook] com.zaxxer.hikari.HikariDataSource       : HikariPool-1 - Shutdown initiated...
2025-01-04T17:45:14.825+09:00  INFO 39497 --- [SpringApplicationShutdownHook] com.zaxxer.hikari.HikariDataSource       : HikariPool-1 - Shutdown completed.
